[2015-12-06 21:55:50 America/New_York] 
URI: http://google.com 
Mementos: 5711 
Time Map URIs:  
   http://mementoproxy.cs.odu.edu/aggr/timemap/link/1/http://google.com

[2015-12-06 21:56:05 America/New_York] 
URI: http://google.com 
Mementos: 5711 
Time Map URIs:  
   http://mementoproxy.cs.odu.edu/aggr/timemap/link/1/http://google.com

[2015-12-06 21:56:14 America/New_York] 
URI: http://androidstudio.com 
Mementos: 13 
Time Map URIs:  
   http://mementoproxy.cs.odu.edu/aggr/timemap/link/1/http://androidstudio.com

[2015-12-06 21:56:26 America/New_York] 
URI: http://androidcentral.com 
Mementos: 3005 
Time Map URIs:  
   http://mementoproxy.cs.odu.edu/aggr/timemap/link/1/http://androidcentral.com

[2015-12-06 21:56:56 America/New_York] 
URI: http://google.com 
Mementos: 5711 
Time Map URIs:  
   http://mementoproxy.cs.odu.edu/aggr/timemap/link/1/http://google.com

[2015-12-06 22:03:28 America/New_York] 
URI: http://www.google.com 
Mementos: 10380 
Time Map URIs:  
   http://mementoproxy.cs.odu.edu/aggr/timemap/link/1/http://www.google.com

